[2026-01-23 04:57:35.882404Z]
Archivo: data/valid/vacio.json
Tipo: json
  - "unexpected end of input at position 0"

[2026-01-23 05:03:20.960944Z]
Archivo: data/valid/vacio.json
Tipo: json
  - "unexpected end of input at position 0"

[2026-01-23 05:05:42.230544Z]
Archivo: data/valid/vacio.json
Tipo: json
  - "unexpected end of input at position 0"

[2026-01-23 05:06:51.990351Z]
Archivo: data/error/ventas_corrupto.csv
Tipo: csv
  - {2, "Invalid price: ERROR"}
  - {3, "Quantity cannot be empty"}
  - {4, "Invalid quantity: abc"}
  - {5, "Price cannot be empty"}
  - {6, "Price must be positive"}
  - {7, "Discount cannot be negative"}
  - {8, "Invalid date format. Expected DD/MM/YYYY"}
  - {10, "Product cannot be empty"}
  - {11, "Invalid date format. Expected DD/MM/YYYY"}

[2026-01-23 05:06:52.003314Z]
Archivo: data/error/usuarios_partial.json
Tipo: json
  - {:usuarios, 1, :invalid_usuario}

[2026-01-23 05:06:52.010341Z]
Archivo: data/error/usuarios_malformado.json
Tipo: json
  - "unexpected byte at position 145: 0xA (\"\\n\")"

[2026-01-23 05:06:52.013910Z]
Archivo: data/error/invalid.log
Tipo: log
  - {1, :invalid_log_format}
  - {2, :invalid_log_format}
  - {3, :invalid_log_format}
  - {4, :invalid_log_format}

[2026-01-23 05:06:52.014176Z]
Archivo: data/error/sin_usuarios.json
Tipo: json
  - "invalid_structure"

[2026-01-23 05:06:52.015660Z]
Archivo: data/error/all_lines_invalid.log
Tipo: log
  - {1, :invalid_log_format}
  - {2, :invalid_log_format}
  - {3, :invalid_log_format}
  - {4, :invalid_log_format}
  - {5, :invalid_log_format}

[2026-01-23 05:06:52.017530Z]
Archivo: data/error/ventas_corrupto_copy.csv
Tipo: csv
  - {1, "Invalid quantity: tres"}
  - {2, "Invalid price: ERROR"}
  - {3, "Quantity cannot be empty"}
  - {4, "Invalid quantity: abc"}
  - {5, "Price cannot be empty"}
  - {6, "Price must be positive"}
  - {7, "Discount cannot be negative"}
  - {8, "Invalid date format. Expected DD/MM/YYYY"}
  - {9, "Discount cannot be greater than 100"}
  - {10, "Product cannot be empty"}
  - {11, "Invalid date format. Expected DD/MM/YYYY"}

[2026-01-23 05:06:52.022321Z]
Archivo: data/error/aplicacion_partial.log
Tipo: log
  - {71, :invalid_log_format}

[2026-01-23 05:06:52.024516Z]
Archivo: data/error/partial.log
Tipo: log
  - {6, :invalid_log_format}
  - {28, :invalid_log_format}

[2026-01-23 05:06:52.024757Z]
Archivo: data/error/sesiones_empty.json
Tipo: json
  - :sessions_empty

[2026-01-23 05:06:52.024915Z]
Archivo: data/error/all_rows_invalid.csv
Tipo: csv
  - {1, "Invalid date format. Expected DD/MM/YYYY"}
  - {2, "Invalid price: ERROR"}
  - {3, "Quantity cannot be empty"}
  - {4, "Invalid quantity: abc"}
  - {5, "Price cannot be empty"}
  - {6, "Price must be positive"}
  - {7, "Discount cannot be negative"}
  - {8, "Invalid date format. Expected DD/MM/YYYY"}
  - {9, "Price must be positive"}
  - {10, "Product cannot be empty"}
  - {11, "Invalid date format. Expected DD/MM/YYYY"}

[2026-01-23 05:11:14.400022Z]
Archivo: data/error/ventas_corrupto.csv
Tipo: csv
  - {2, "Invalid price: ERROR"}
  - {3, "Quantity cannot be empty"}
  - {4, "Invalid quantity: abc"}
  - {5, "Price cannot be empty"}
  - {6, "Price must be positive"}
  - {7, "Discount cannot be negative"}
  - {8, "Invalid date format. Expected DD/MM/YYYY"}
  - {10, "Product cannot be empty"}
  - {11, "Invalid date format. Expected DD/MM/YYYY"}

[2026-01-23 05:11:14.417737Z]
Archivo: data/error/usuarios_partial.json
Tipo: json
  - {:usuarios, 1, :invalid_usuario}

[2026-01-23 05:11:14.425976Z]
Archivo: data/error/usuarios_malformado.json
Tipo: json
  - "unexpected byte at position 145: 0xA (\"\\n\")"

[2026-01-23 05:11:14.430414Z]
Archivo: data/error/invalid.log
Tipo: log
  - {1, :invalid_log_format}
  - {2, :invalid_log_format}
  - {3, :invalid_log_format}
  - {4, :invalid_log_format}

[2026-01-23 05:11:14.431209Z]
Archivo: data/error/sin_usuarios.json
Tipo: json
  - "invalid_structure"

[2026-01-23 05:11:14.433344Z]
Archivo: data/error/all_lines_invalid.log
Tipo: log
  - {1, :invalid_log_format}
  - {2, :invalid_log_format}
  - {3, :invalid_log_format}
  - {4, :invalid_log_format}
  - {5, :invalid_log_format}

[2026-01-23 05:11:14.436571Z]
Archivo: data/error/ventas_corrupto_copy.csv
Tipo: csv
  - {1, "Invalid quantity: tres"}
  - {2, "Invalid price: ERROR"}
  - {3, "Quantity cannot be empty"}
  - {4, "Invalid quantity: abc"}
  - {5, "Price cannot be empty"}
  - {6, "Price must be positive"}
  - {7, "Discount cannot be negative"}
  - {8, "Invalid date format. Expected DD/MM/YYYY"}
  - {9, "Discount cannot be greater than 100"}
  - {10, "Product cannot be empty"}
  - {11, "Invalid date format. Expected DD/MM/YYYY"}

[2026-01-23 05:11:14.441642Z]
Archivo: data/error/aplicacion_partial.log
Tipo: log
  - {71, :invalid_log_format}

[2026-01-23 05:11:14.444667Z]
Archivo: data/error/partial.log
Tipo: log
  - {6, :invalid_log_format}
  - {28, :invalid_log_format}

[2026-01-23 05:11:14.445443Z]
Archivo: data/error/sesiones_empty.json
Tipo: json
  - :sessions_empty

[2026-01-23 05:11:14.446452Z]
Archivo: data/error/all_rows_invalid.csv
Tipo: csv
  - {1, "Invalid date format. Expected DD/MM/YYYY"}
  - {2, "Invalid price: ERROR"}
  - {3, "Quantity cannot be empty"}
  - {4, "Invalid quantity: abc"}
  - {5, "Price cannot be empty"}
  - {6, "Price must be positive"}
  - {7, "Discount cannot be negative"}
  - {8, "Invalid date format. Expected DD/MM/YYYY"}
  - {9, "Price must be positive"}
  - {10, "Product cannot be empty"}
  - {11, "Invalid date format. Expected DD/MM/YYYY"}

[2026-01-23 05:11:14.449238Z]
Archivo: data/valid/vacio.json
Tipo: json
  - "unexpected end of input at position 0"

[2026-01-23 05:11:52.789437Z]
Archivo: data/valid/vacio.json
Tipo: json
  - "unexpected end of input at position 0"

[2026-01-23 05:13:46.048545Z]
Archivo: data/valid/vacio.json
Tipo: json
  - "unexpected end of input at position 0"

[2026-01-23 05:14:07.838733Z]
Archivo: data/valid/vacio.json
Tipo: json
  - "unexpected end of input at position 0"

[2026-01-23 05:16:39.678420Z]
Archivo: data/error/sin_usuarios.json
Tipo: json
  - "invalid_structure"

[2026-01-23 05:16:39.687663Z]
Archivo: data/error/all_rows_invalid.csv
Tipo: csv
  - {1, "Invalid date format. Expected DD/MM/YYYY"}
  - {2, "Invalid price: ERROR"}
  - {3, "Quantity cannot be empty"}
  - {4, "Invalid quantity: abc"}
  - {5, "Price cannot be empty"}
  - {6, "Price must be positive"}
  - {7, "Discount cannot be negative"}
  - {8, "Invalid date format. Expected DD/MM/YYYY"}
  - {9, "Price must be positive"}
  - {10, "Product cannot be empty"}
  - {11, "Invalid date format. Expected DD/MM/YYYY"}

[2026-01-23 05:16:39.687681Z]
Archivo: data/error/ventas_corrupto.csv
Tipo: csv
  - {2, "Invalid price: ERROR"}
  - {3, "Quantity cannot be empty"}
  - {4, "Invalid quantity: abc"}
  - {5, "Price cannot be empty"}
  - {6, "Price must be positive"}
  - {7, "Discount cannot be negative"}
  - {8, "Invalid date format. Expected DD/MM/YYYY"}
  - {10, "Product cannot be empty"}
  - {11, "Invalid date format. Expected DD/MM/YYYY"}

[2026-01-23 05:16:39.687675Z]
Archivo: data/error/ventas_corrupto_copy.csv
Tipo: csv
  - {1, "Invalid quantity: tres"}
  - {2, "Invalid price: ERROR"}
  - {3, "Quantity cannot be empty"}
  - {4, "Invalid quantity: abc"}
  - {5, "Price cannot be empty"}
  - {6, "Price must be positive"}
  - {7, "Discount cannot be negative"}
  - {8, "Invalid date format. Expected DD/MM/YYYY"}
  - {9, "Discount cannot be greater than 100"}
  - {10, "Product cannot be empty"}
  - {11, "Invalid date format. Expected DD/MM/YYYY"}

[2026-01-23 05:16:39.699076Z]
Archivo: data/error/usuarios_malformado.json
Tipo: json
  - "unexpected byte at position 145: 0xA (\"\\n\")"

[2026-01-23 05:16:39.685838Z]
Archivo: data/error/sesiones_empty.json
Tipo: json
  - :sessions_empty

[2026-01-23 05:16:39.688583Z]
Archivo: data/error/all_lines_invalid.log
Tipo: log
  - {1, :invalid_log_format}
  - {2, :invalid_log_format}
  - {3, :invalid_log_format}
  - {4, :invalid_log_format}
  - {5, :invalid_log_format}

[2026-01-23 05:16:39.685892Z]
Archivo: data/error/usuarios_partial.json
Tipo: json
  - {:usuarios, 1, :invalid_usuario}

[2026-01-23 05:16:39.695020Z]
Archivo: data/error/aplicacion_partial.log
Tipo: log
  - {71, :invalid_log_format}

[2026-01-23 05:16:39.695053Z]
Archivo: data/error/partial.log
Tipo: log
  - {6, :invalid_log_format}
  - {28, :invalid_log_format}

[2026-01-23 05:16:39.678435Z]
Archivo: data/error/invalid.log
Tipo: log
  - {1, :invalid_log_format}
  - {2, :invalid_log_format}
  - {3, :invalid_log_format}
  - {4, :invalid_log_format}

[2026-01-23 05:20:42.454272Z]
Archivo: data/valid/vacio.json
Tipo: json
  - "unexpected end of input at position 0"

[2026-01-23 05:21:04.730275Z]
Archivo: data/valid/vacio.json
Tipo: json
  - "unexpected end of input at position 0"

[2026-01-23 05:21:31.950562Z]
Archivo: data/error/empty.log
Tipo: log


[2026-01-23 05:23:42.977949Z]
Archivo: data/valid/vacio.json
Tipo: json
  - "unexpected end of input at position 0"

[2026-01-23 05:24:11.791265Z]
Archivo: data/error/empty.log
Tipo: log


[2026-01-23 05:24:11.790924Z]
Archivo: data/error/sin_usuarios.json
Tipo: json
  - "invalid_structure"

[2026-01-23 05:24:11.801445Z]
Archivo: data/error/all_rows_invalid.csv
Tipo: csv
  - {1, "Invalid date format. Expected DD/MM/YYYY"}
  - {2, "Invalid price: ERROR"}
  - {3, "Quantity cannot be empty"}
  - {4, "Invalid quantity: abc"}
  - {5, "Price cannot be empty"}
  - {6, "Price must be positive"}
  - {7, "Discount cannot be negative"}
  - {8, "Invalid date format. Expected DD/MM/YYYY"}
  - {9, "Price must be positive"}
  - {10, "Product cannot be empty"}
  - {11, "Invalid date format. Expected DD/MM/YYYY"}

[2026-01-23 05:24:11.801464Z]
Archivo: data/error/ventas_corrupto_copy.csv
Tipo: csv
  - {1, "Invalid quantity: tres"}
  - {2, "Invalid price: ERROR"}
  - {3, "Quantity cannot be empty"}
  - {4, "Invalid quantity: abc"}
  - {5, "Price cannot be empty"}
  - {6, "Price must be positive"}
  - {7, "Discount cannot be negative"}
  - {8, "Invalid date format. Expected DD/MM/YYYY"}
  - {9, "Discount cannot be greater than 100"}
  - {10, "Product cannot be empty"}
  - {11, "Invalid date format. Expected DD/MM/YYYY"}

[2026-01-23 05:24:11.801470Z]
Archivo: data/error/ventas_corrupto.csv
Tipo: csv
  - {2, "Invalid price: ERROR"}
  - {3, "Quantity cannot be empty"}
  - {4, "Invalid quantity: abc"}
  - {5, "Price cannot be empty"}
  - {6, "Price must be positive"}
  - {7, "Discount cannot be negative"}
  - {8, "Invalid date format. Expected DD/MM/YYYY"}
  - {10, "Product cannot be empty"}
  - {11, "Invalid date format. Expected DD/MM/YYYY"}

[2026-01-23 05:24:11.809969Z]
Archivo: data/error/aplicacion_partial.log
Tipo: log
  - {71, :invalid_log_format}

[2026-01-23 05:24:11.809946Z]
Archivo: data/error/partial.log
Tipo: log
  - {6, :invalid_log_format}
  - {28, :invalid_log_format}

[2026-01-23 05:24:11.799002Z]
Archivo: data/error/sesiones_empty.json
Tipo: json
  - :sessions_empty

[2026-01-23 05:24:11.802582Z]
Archivo: data/error/all_lines_invalid.log
Tipo: log
  - {1, :invalid_log_format}
  - {2, :invalid_log_format}
  - {3, :invalid_log_format}
  - {4, :invalid_log_format}
  - {5, :invalid_log_format}

[2026-01-23 05:24:11.791310Z]
Archivo: data/error/invalid.log
Tipo: log
  - {1, :invalid_log_format}
  - {2, :invalid_log_format}
  - {3, :invalid_log_format}
  - {4, :invalid_log_format}

[2026-01-23 05:24:11.799020Z]
Archivo: data/error/usuarios_partial.json
Tipo: json
  - {:usuarios, 1, :invalid_usuario}

[2026-01-23 05:24:11.813986Z]
Archivo: data/error/usuarios_malformado.json
Tipo: json
  - "unexpected byte at position 145: 0xA (\"\\n\")"

[2026-01-23 05:24:53.867299Z]
Archivo: data/valid/vacio.json
Tipo: json
  - "unexpected end of input at position 0"

[2026-01-23 05:24:53.901466Z]
Archivo: data/valid/vacio.json
Tipo: json
  - "unexpected end of input at position 0"

[2026-01-23 05:26:14.519945Z]
Archivo: data/valid/vacio.json
Tipo: json
  - "unexpected end of input at position 0"

[2026-01-23 05:26:51.990445Z]
Archivo: data/valid/vacio.json
Tipo: json
  - "unexpected end of input at position 0"

